  fuentesDeLuz.cpp
C:\Users\dleon\LAB-Computacion-Grafica\configCGIH12\fuentesDeLuz.cpp(190,24): warning C4244: 'inicializando': conversión de 'double' a 'GLfloat'; posible pérdida de datos
C:\Users\dleon\LAB-Computacion-Grafica\configCGIH12\fuentesDeLuz.cpp(229,20): warning C4244: '=': conversión de 'double' a 'T'; posible pérdida de datos
C:\Users\dleon\LAB-Computacion-Grafica\configCGIH12\fuentesDeLuz.cpp(229,20): warning C4244:         with
C:\Users\dleon\LAB-Computacion-Grafica\configCGIH12\fuentesDeLuz.cpp(229,20): warning C4244:         [
C:\Users\dleon\LAB-Computacion-Grafica\configCGIH12\fuentesDeLuz.cpp(229,20): warning C4244:             T=float
C:\Users\dleon\LAB-Computacion-Grafica\configCGIH12\fuentesDeLuz.cpp(229,20): warning C4244:         ]
C:\Users\dleon\LAB-Computacion-Grafica\configCGIH12\fuentesDeLuz.cpp(230,20): warning C4244: '=': conversión de 'double' a 'T'; posible pérdida de datos
C:\Users\dleon\LAB-Computacion-Grafica\configCGIH12\fuentesDeLuz.cpp(230,20): warning C4244:         with
C:\Users\dleon\LAB-Computacion-Grafica\configCGIH12\fuentesDeLuz.cpp(230,20): warning C4244:         [
C:\Users\dleon\LAB-Computacion-Grafica\configCGIH12\fuentesDeLuz.cpp(230,20): warning C4244:             T=float
C:\Users\dleon\LAB-Computacion-Grafica\configCGIH12\fuentesDeLuz.cpp(230,20): warning C4244:         ]
C:\Users\dleon\LAB-Computacion-Grafica\configCGIH12\fuentesDeLuz.cpp(231,20): warning C4244: '=': conversión de 'double' a 'T'; posible pérdida de datos
C:\Users\dleon\LAB-Computacion-Grafica\configCGIH12\fuentesDeLuz.cpp(231,20): warning C4244:         with
C:\Users\dleon\LAB-Computacion-Grafica\configCGIH12\fuentesDeLuz.cpp(231,20): warning C4244:         [
C:\Users\dleon\LAB-Computacion-Grafica\configCGIH12\fuentesDeLuz.cpp(231,20): warning C4244:             T=float
C:\Users\dleon\LAB-Computacion-Grafica\configCGIH12\fuentesDeLuz.cpp(231,20): warning C4244:         ]
C:\Users\dleon\LAB-Computacion-Grafica\configCGIH12\fuentesDeLuz.cpp(463,11): warning C4244: '=': conversión de 'double' a 'GLfloat'; posible pérdida de datos
C:\Users\dleon\LAB-Computacion-Grafica\configCGIH12\fuentesDeLuz.cpp(464,11): warning C4244: '=': conversión de 'double' a 'GLfloat'; posible pérdida de datos
C:\Users\dleon\LAB-Computacion-Grafica\configCGIH12\fuentesDeLuz.cpp(468,18): warning C4244: 'inicializando': conversión de 'double' a 'GLfloat'; posible pérdida de datos
C:\Users\dleon\LAB-Computacion-Grafica\configCGIH12\fuentesDeLuz.cpp(469,18): warning C4244: 'inicializando': conversión de 'double' a 'GLfloat'; posible pérdida de datos
C:\Users\dleon\LAB-Computacion-Grafica\configCGIH12\fuentesDeLuz.cpp(471,10): warning C4244: '=': conversión de 'double' a 'GLfloat'; posible pérdida de datos
C:\Users\dleon\LAB-Computacion-Grafica\configCGIH12\fuentesDeLuz.cpp(472,10): warning C4244: '=': conversión de 'double' a 'GLfloat'; posible pérdida de datos
LINK : warning LNK4098: la biblioteca predeterminada'MSVCRT' entra en conflicto con otras bibliotecas; use la biblioteca /NODEFAULTLIB:biblioteca
soil2-debug.lib(etc1_utils.obj) : warning LNK4099: no se encontró PDB '' con 'soil2-debug.lib(etc1_utils.obj)' o en ''; se vinculará el objeto sin tener en cuenta información de depuración
soil2-debug.lib(image_DXT.obj) : warning LNK4099: no se encontró PDB 'soil2-debug.pdb' con 'soil2-debug.lib(image_DXT.obj)' o en 'C:\Users\dleon\LAB-Computacion-Grafica\Debug\soil2-debug.pdb'; se vinculará el objeto sin tener en cuenta información de depuración
soil2-debug.lib(image_helper.obj) : warning LNK4099: no se encontró PDB 'soil2-debug.pdb' con 'soil2-debug.lib(image_helper.obj)' o en 'C:\Users\dleon\LAB-Computacion-Grafica\Debug\soil2-debug.pdb'; se vinculará el objeto sin tener en cuenta información de depuración
soil2-debug.lib(SOIL2.obj) : warning LNK4099: no se encontró PDB 'soil2-debug.pdb' con 'soil2-debug.lib(SOIL2.obj)' o en 'C:\Users\dleon\LAB-Computacion-Grafica\Debug\soil2-debug.pdb'; se vinculará el objeto sin tener en cuenta información de depuración
  configCGIH12.vcxproj -> C:\Users\dleon\LAB-Computacion-Grafica\Debug\configCGIH12.exe
